# JRE version: OpenJDK Runtime Environment Temurin-21.0.5+11 (21.0.5+11) (build 21.0.5+11-LTS)
# Java VM: OpenJDK 64-Bit Server VM Temurin-21.0.5+11 (21.0.5+11-LTS, mixed mode, sharing, tiered, compressed oops, compressed class ptrs, parallel gc, windows-amd64)
GC Precious Log:
 CardTable entry size: 512
 CPUs: 4 total, 4 available
 Memory: 7834M
 Large Page Support: Disabled
 NUMA Support: Disabled
 Compressed Oops: Enabled (32-bit)
 Alignments: Space 512K, Generation 512K, Heap 2M
 Heap Min Capacity: 100M
 Heap Initial Capacity: 100M
 Heap Max Capacity: 1G
 Pre-touch: Disabled
 Parallel Workers: 4
Heap:
 PSYoungGen      total 4608K, used 3504K [0x00000000eab00000, 0x00000000eb080000, 0x0000000100000000)
  eden space 4096K, 80% used [0x00000000eab00000,0x00000000eae342c8,0x00000000eaf00000)
  from space 512K, 43% used [0x00000000eaf80000,0x00000000eafb8000,0x00000000eb000000)
  to   space 512K, 0% used [0x00000000eb000000,0x00000000eb000000,0x00000000eb080000)
 ParOldGen       total 588800K, used 588497K [0x00000000c0000000, 0x00000000e3f00000, 0x00000000eab00000)
  object space 588800K, 99% used [0x00000000c0000000,0x00000000e3eb4580,0x00000000e3f00000)
 Metaspace       used 68824K, committed 70208K, reserved 1114112K
  class space    used 7577K, committed 8192K, reserved 1048576K
GC Heap History (20 events):
Event: 42.468 GC heap before
{Heap before GC invocations=1285 (full 4):
 PSYoungGen      total 3072K, used 2903K [0x00000000eab00000, 0x00000000eb080000, 0x0000000100000000)
  eden space 2560K, 99% used [0x00000000eab00000,0x00000000ead7dcd0,0x00000000ead80000)
  from space 512K, 68% used [0x00000000eb000000,0x00000000eb058000,0x00000000eb080000)
  to   space 512K, 0% used [0x00000000eaf80000,0x00000000eaf80000,0x00000000eb000000)
 ParOldGen       total 585728K, used 585464K [0x00000000c0000000, 0x00000000e3c00000, 0x00000000eab00000)
  object space 585728K, 99% used [0x00000000c0000000,0x00000000e3bbe028,0x00000000e3c00000)
 Metaspace       used 68821K, committed 70208K, reserved 1114112K
  class space    used 7577K, committed 8192K, reserved 1048576K
}
Event: 42.469 GC heap after
{Heap after GC invocations=1285 (full 4):
 PSYoungGen      total 3072K, used 335K [0x00000000eab00000, 0x00000000eb080000, 0x0000000100000000)
  eden space 2560K, 0% used [0x00000000eab00000,0x00000000eab00000,0x00000000ead80000)
  from space 512K, 65% used [0x00000000eaf80000,0x00000000eafd3c80,0x00000000eb000000)
  to   space 512K, 0% used [0x00000000eb000000,0x00000000eb000000,0x00000000eb080000)
 ParOldGen       total 585728K, used 585712K [0x00000000c0000000, 0x00000000e3c00000, 0x00000000eab00000)
  object space 585728K, 99% used [0x00000000c0000000,0x00000000e3bfc028,0x00000000e3c00000)
 Metaspace       used 68821K, committed 70208K, reserved 1114112K
  class space    used 7577K, committed 8192K, reserved 1048576K
}
Event: 42.489 GC heap before
{Heap before GC invocations=1286 (full 4):
 PSYoungGen      total 3072K, used 2895K [0x00000000eab00000, 0x00000000eb080000, 0x0000000100000000)
  eden space 2560K, 100% used [0x00000000eab00000,0x00000000ead80000,0x00000000ead80000)
  from space 512K, 65% used [0x00000000eaf80000,0x00000000eafd3c80,0x00000000eb000000)
  to   space 512K, 0% used [0x00000000eb000000,0x00000000eb000000,0x00000000eb080000)
 ParOldGen       total 585728K, used 585712K [0x00000000c0000000, 0x00000000e3c00000, 0x00000000eab00000)
  object space 585728K, 99% used [0x00000000c0000000,0x00000000e3bfc028,0x00000000e3c00000)
 Metaspace       used 68821K, committed 70208K, reserved 1114112K
  class space    used 7577K, committed 8192K, reserved 1048576K
}
Event: 42.491 GC heap after
{Heap after GC invocations=1286 (full 4):
 PSYoungGen      total 3072K, used 352K [0x00000000eab00000, 0x00000000eb080000, 0x0000000100000000)
  eden space 2560K, 0% used [0x00000000eab00000,0x00000000eab00000,0x00000000ead80000)
  from space 512K, 68% used [0x00000000eb000000,0x00000000eb058000,0x00000000eb080000)
  to   space 512K, 0% used [0x00000000eaf80000,0x00000000eaf80000,0x00000000eb000000)
 ParOldGen       total 586240K, used 585968K [0x00000000c0000000, 0x00000000e3c80000, 0x00000000eab00000)
  object space 586240K, 99% used [0x00000000c0000000,0x00000000e3c3c028,0x00000000e3c80000)
 Metaspace       used 68821K, committed 70208K, reserved 1114112K
  class space    used 7577K, committed 8192K, reserved 1048576K
}
Event: 42.497 GC heap before
{Heap before GC invocations=1287 (full 4):
 PSYoungGen      total 3072K, used 2912K [0x00000000eab00000, 0x00000000eb080000, 0x0000000100000000)
  eden space 2560K, 100% used [0x00000000eab00000,0x00000000ead80000,0x00000000ead80000)
  from space 512K, 68% used [0x00000000eb000000,0x00000000eb058000,0x00000000eb080000)
  to   space 512K, 0% used [0x00000000eaf80000,0x00000000eaf80000,0x00000000eb000000)
 ParOldGen       total 586240K, used 585968K [0x00000000c0000000, 0x00000000e3c80000, 0x00000000eab00000)
  object space 586240K, 99% used [0x00000000c0000000,0x00000000e3c3c028,0x00000000e3c80000)
 Metaspace       used 68821K, committed 70208K, reserved 1114112K
  class space    used 7577K, committed 8192K, reserved 1048576K
}
Event: 42.500 GC heap after
{Heap after GC invocations=1287 (full 4):
 PSYoungGen      total 3072K, used 300K [0x00000000eab00000, 0x00000000eb080000, 0x0000000100000000)
  eden space 2560K, 0% used [0x00000000eab00000,0x00000000eab00000,0x00000000ead80000)
  from space 512K, 58% used [0x00000000eaf80000,0x00000000eafcb008,0x00000000eb000000)
  to   space 512K, 0% used [0x00000000eb000000,0x00000000eb000000,0x00000000eb080000)
 ParOldGen       total 586752K, used 586264K [0x00000000c0000000, 0x00000000e3d00000, 0x00000000eab00000)
  object space 586752K, 99% used [0x00000000c0000000,0x00000000e3c86028,0x00000000e3d00000)
 Metaspace       used 68821K, committed 70208K, reserved 1114112K
  class space    used 7577K, committed 8192K, reserved 1048576K
}
Event: 42.506 GC heap before
{Heap before GC invocations=1288 (full 4):
 PSYoungGen      total 3072K, used 2860K [0x00000000eab00000, 0x00000000eb080000, 0x0000000100000000)
  eden space 2560K, 100% used [0x00000000eab00000,0x00000000ead80000,0x00000000ead80000)
  from space 512K, 58% used [0x00000000eaf80000,0x00000000eafcb008,0x00000000eb000000)
  to   space 512K, 0% used [0x00000000eb000000,0x00000000eb000000,0x00000000eb080000)
 ParOldGen       total 586752K, used 586264K [0x00000000c0000000, 0x00000000e3d00000, 0x00000000eab00000)
  object space 586752K, 99% used [0x00000000c0000000,0x00000000e3c86028,0x00000000e3d00000)
 Metaspace       used 68821K, committed 70208K, reserved 1114112K
  class space    used 7577K, committed 8192K, reserved 1048576K
}
Event: 42.508 GC heap after
{Heap after GC invocations=1288 (full 4):
 PSYoungGen      total 3584K, used 288K [0x00000000eab00000, 0x00000000eb080000, 0x0000000100000000)
  eden space 3072K, 0% used [0x00000000eab00000,0x00000000eab00000,0x00000000eae00000)
  from space 512K, 56% used [0x00000000eb000000,0x00000000eb048000,0x00000000eb080000)
  to   space 512K, 0% used [0x00000000eaf80000,0x00000000eaf80000,0x00000000eb000000)
 ParOldGen       total 586752K, used 586556K [0x00000000c0000000, 0x00000000e3d00000, 0x00000000eab00000)
  object space 586752K, 99% used [0x00000000c0000000,0x00000000e3ccf030,0x00000000e3d00000)
 Metaspace       used 68821K, committed 70208K, reserved 1114112K
  class space    used 7577K, committed 8192K, reserved 1048576K
}
Event: 42.516 GC heap before
{Heap before GC invocations=1289 (full 4):
 PSYoungGen      total 3584K, used 3360K [0x00000000eab00000, 0x00000000eb080000, 0x0000000100000000)
  eden space 3072K, 100% used [0x00000000eab00000,0x00000000eae00000,0x00000000eae00000)
  from space 512K, 56% used [0x00000000eb000000,0x00000000eb048000,0x00000000eb080000)
  to   space 512K, 0% used [0x00000000eaf80000,0x00000000eaf80000,0x00000000eb000000)
 ParOldGen       total 586752K, used 586556K [0x00000000c0000000, 0x00000000e3d00000, 0x00000000eab00000)
  object space 586752K, 99% used [0x00000000c0000000,0x00000000e3ccf030,0x00000000e3d00000)
 Metaspace       used 68821K, committed 70208K, reserved 1114112K
  class space    used 7577K, committed 8192K, reserved 1048576K
}
Event: 42.517 GC heap after
{Heap after GC invocations=1289 (full 4):
 PSYoungGen      total 4608K, used 320K [0x00000000eab00000, 0x00000000eb080000, 0x0000000100000000)
  eden space 4096K, 0% used [0x00000000eab00000,0x00000000eab00000,0x00000000eaf00000)
  from space 512K, 62% used [0x00000000eaf80000,0x00000000eafd0000,0x00000000eb000000)
  to   space 512K, 0% used [0x00000000eb000000,0x00000000eb000000,0x00000000eb080000)
 ParOldGen       total 587264K, used 586788K [0x00000000c0000000, 0x00000000e3d80000, 0x00000000eab00000)
  object space 587264K, 99% used [0x00000000c0000000,0x00000000e3d09030,0x00000000e3d80000)
 Metaspace       used 68821K, committed 70208K, reserved 1114112K
  class space    used 7577K, committed 8192K, reserved 1048576K
}
Event: 42.525 GC heap before
{Heap before GC invocations=1290 (full 4):
 PSYoungGen      total 4608K, used 4416K [0x00000000eab00000, 0x00000000eb080000, 0x0000000100000000)
  eden space 4096K, 100% used [0x00000000eab00000,0x00000000eaf00000,0x00000000eaf00000)
  from space 512K, 62% used [0x00000000eaf80000,0x00000000eafd0000,0x00000000eb000000)
  to   space 512K, 0% used [0x00000000eb000000,0x00000000eb000000,0x00000000eb080000)
 ParOldGen       total 587264K, used 586788K [0x00000000c0000000, 0x00000000e3d80000, 0x00000000eab00000)
  object space 587264K, 99% used [0x00000000c0000000,0x00000000e3d09030,0x00000000e3d80000)
 Metaspace       used 68821K, committed 70208K, reserved 1114112K
  class space    used 7577K, committed 8192K, reserved 1048576K
}
Event: 42.526 GC heap after
{Heap after GC invocations=1290 (full 4):
 PSYoungGen      total 4608K, used 416K [0x00000000eab00000, 0x00000000eb080000, 0x0000000100000000)
  eden space 4096K, 0% used [0x00000000eab00000,0x00000000eab00000,0x00000000eaf00000)
  from space 512K, 81% used [0x00000000eb000000,0x00000000eb068000,0x00000000eb080000)
  to   space 512K, 0% used [0x00000000eaf80000,0x00000000eaf80000,0x00000000eb000000)
 ParOldGen       total 587264K, used 587060K [0x00000000c0000000, 0x00000000e3d80000, 0x00000000eab00000)
  object space 587264K, 99% used [0x00000000c0000000,0x00000000e3d4d030,0x00000000e3d80000)
 Metaspace       used 68821K, committed 70208K, reserved 1114112K
  class space    used 7577K, committed 8192K, reserved 1048576K
}
Event: 42.542 GC heap before
{Heap before GC invocations=1291 (full 4):
 PSYoungGen      total 4608K, used 4512K [0x00000000eab00000, 0x00000000eb080000, 0x0000000100000000)
  eden space 4096K, 100% used [0x00000000eab00000,0x00000000eaf00000,0x00000000eaf00000)
  from space 512K, 81% used [0x00000000eb000000,0x00000000eb068000,0x00000000eb080000)
  to   space 512K, 0% used [0x00000000eaf80000,0x00000000eaf80000,0x00000000eb000000)
 ParOldGen       total 587264K, used 587060K [0x00000000c0000000, 0x00000000e3d80000, 0x00000000eab00000)
  object space 587264K, 99% used [0x00000000c0000000,0x00000000e3d4d030,0x00000000e3d80000)
 Metaspace       used 68821K, committed 70208K, reserved 1114112K
  class space    used 7577K, committed 8192K, reserved 1048576K
}
Event: 42.544 GC heap after
{Heap after GC invocations=1291 (full 4):
 PSYoungGen      total 4608K, used 416K [0x00000000eab00000, 0x00000000eb080000, 0x0000000100000000)
  eden space 4096K, 0% used [0x00000000eab00000,0x00000000eab00000,0x00000000eaf00000)
  from space 512K, 81% used [0x00000000eaf80000,0x00000000eafe8000,0x00000000eb000000)
  to   space 512K, 0% used [0x00000000eb000000,0x00000000eb000000,0x00000000eb080000)
 ParOldGen       total 587776K, used 587404K [0x00000000c0000000, 0x00000000e3e00000, 0x00000000eab00000)
  object space 587776K, 99% used [0x00000000c0000000,0x00000000e3da3030,0x00000000e3e00000)
 Metaspace       used 68821K, committed 70208K, reserved 1114112K
  class space    used 7577K, committed 8192K, reserved 1048576K
}
Event: 42.552 GC heap before
{Heap before GC invocations=1292 (full 4):
 PSYoungGen      total 4608K, used 4512K [0x00000000eab00000, 0x00000000eb080000, 0x0000000100000000)
  eden space 4096K, 100% used [0x00000000eab00000,0x00000000eaf00000,0x00000000eaf00000)
  from space 512K, 81% used [0x00000000eaf80000,0x00000000eafe8000,0x00000000eb000000)
  to   space 512K, 0% used [0x00000000eb000000,0x00000000eb000000,0x00000000eb080000)
 ParOldGen       total 587776K, used 587404K [0x00000000c0000000, 0x00000000e3e00000, 0x00000000eab00000)
  object space 587776K, 99% used [0x00000000c0000000,0x00000000e3da3030,0x00000000e3e00000)
 Metaspace       used 68821K, committed 70208K, reserved 1114112K
  class space    used 7577K, committed 8192K, reserved 1048576K
}
Event: 42.553 GC heap after
{Heap after GC invocations=1292 (full 4):
 PSYoungGen      total 4608K, used 384K [0x00000000eab00000, 0x00000000eb080000, 0x0000000100000000)
  eden space 4096K, 0% used [0x00000000eab00000,0x00000000eab00000,0x00000000eaf00000)
  from space 512K, 75% used [0x00000000eb000000,0x00000000eb060000,0x00000000eb080000)
  to   space 512K, 0% used [0x00000000eaf80000,0x00000000eaf80000,0x00000000eb000000)
 ParOldGen       total 588288K, used 587788K [0x00000000c0000000, 0x00000000e3e80000, 0x00000000eab00000)
  object space 588288K, 99% used [0x00000000c0000000,0x00000000e3e03030,0x00000000e3e80000)
 Metaspace       used 68821K, committed 70208K, reserved 1114112K
  class space    used 7577K, committed 8192K, reserved 1048576K
}
Event: 42.568 GC heap before
{Heap before GC invocations=1293 (full 4):
 PSYoungGen      total 4608K, used 4480K [0x00000000eab00000, 0x00000000eb080000, 0x0000000100000000)
  eden space 4096K, 100% used [0x00000000eab00000,0x00000000eaf00000,0x00000000eaf00000)
  from space 512K, 75% used [0x00000000eb000000,0x00000000eb060000,0x00000000eb080000)
  to   space 512K, 0% used [0x00000000eaf80000,0x00000000eaf80000,0x00000000eb000000)
 ParOldGen       total 588288K, used 587788K [0x00000000c0000000, 0x00000000e3e80000, 0x00000000eab00000)
  object space 588288K, 99% used [0x00000000c0000000,0x00000000e3e03030,0x00000000e3e80000)
 Metaspace       used 68821K, committed 70208K, reserved 1114112K
  class space    used 7577K, committed 8192K, reserved 1048576K
}
Event: 42.570 GC heap after
{Heap after GC invocations=1293 (full 4):
 PSYoungGen      total 4608K, used 512K [0x00000000eab00000, 0x00000000eb100000, 0x0000000100000000)
  eden space 4096K, 0% used [0x00000000eab00000,0x00000000eab00000,0x00000000eaf00000)
  from space 512K, 100% used [0x00000000eaf80000,0x00000000eb000000,0x00000000eb000000)
  to   space 1024K, 0% used [0x00000000eb000000,0x00000000eb000000,0x00000000eb100000)
 ParOldGen       total 588288K, used 588132K [0x00000000c0000000, 0x00000000e3e80000, 0x00000000eab00000)
  object space 588288K, 99% used [0x00000000c0000000,0x00000000e3e59030,0x00000000e3e80000)
 Metaspace       used 68821K, committed 70208K, reserved 1114112K
  class space    used 7577K, committed 8192K, reserved 1048576K
}
Event: 42.651 GC heap before
{Heap before GC invocations=1294 (full 4):
 PSYoungGen      total 4608K, used 4608K [0x00000000eab00000, 0x00000000eb100000, 0x0000000100000000)
  eden space 4096K, 100% used [0x00000000eab00000,0x00000000eaf00000,0x00000000eaf00000)
  from space 512K, 100% used [0x00000000eaf80000,0x00000000eb000000,0x00000000eb000000)
  to   space 1024K, 0% used [0x00000000eb000000,0x00000000eb000000,0x00000000eb100000)
 ParOldGen       total 588288K, used 588132K [0x00000000c0000000, 0x00000000e3e80000, 0x00000000eab00000)
  object space 588288K, 99% used [0x00000000c0000000,0x00000000e3e59030,0x00000000e3e80000)
 Metaspace       used 68824K, committed 70208K, reserved 1114112K
  class space    used 7577K, committed 8192K, reserved 1048576K
}
Event: 42.653 GC heap after
{Heap after GC invocations=1294 (full 4):
 PSYoungGen      total 4608K, used 224K [0x00000000eab00000, 0x00000000eb080000, 0x0000000100000000)
  eden space 4096K, 0% used [0x00000000eab00000,0x00000000eab00000,0x00000000eaf00000)
  from space 512K, 43% used [0x00000000eb000000,0x00000000eb038000,0x00000000eb080000)
  to   space 512K, 0% used [0x00000000eaf80000,0x00000000eaf80000,0x00000000eb000000)
 ParOldGen       total 588800K, used 588412K [0x00000000c0000000, 0x00000000e3f00000, 0x00000000eab00000)
  object space 588800K, 99% used [0x00000000c0000000,0x00000000e3e9f030,0x00000000e3f00000)
 Metaspace       used 68824K, committed 70208K, reserved 1114112K
  class space    used 7577K, committed 8192K, reserved 1048576K
}

