# JRE version: OpenJDK Runtime Environment Temurin-21.0.5+11 (21.0.5+11) (build 21.0.5+11-LTS)
# Java VM: OpenJDK 64-Bit Server VM Temurin-21.0.5+11 (21.0.5+11-LTS, mixed mode, sharing, tiered, compressed oops, compressed class ptrs, parallel gc, windows-amd64)
GC Precious Log:
 CardTable entry size: 512
 CPUs: 4 total, 4 available
 Memory: 7834M
 Large Page Support: Disabled
 NUMA Support: Disabled
 Compressed Oops: Enabled (32-bit)
 Alignments: Space 512K, Generation 512K, Heap 2M
 Heap Min Capacity: 100M
 Heap Initial Capacity: 100M
 Heap Max Capacity: 1G
 Pre-touch: Disabled
 Parallel Workers: 4
Heap:
 PSYoungGen      total 6144K, used 1259K [0x00000000eab00000, 0x00000000eb600000, 0x0000000100000000)
  eden space 5120K, 4% used [0x00000000eab00000,0x00000000eab3e4e0,0x00000000eb000000)
  from space 1024K, 98% used [0x00000000eb500000,0x00000000eb5fc9c8,0x00000000eb600000)
  to   space 3072K, 0% used [0x00000000eb000000,0x00000000eb000000,0x00000000eb300000)
 ParOldGen       total 89600K, used 89162K [0x00000000c0000000, 0x00000000c5780000, 0x00000000eab00000)
  object space 89600K, 99% used [0x00000000c0000000,0x00000000c5712978,0x00000000c5780000)
 Metaspace       used 67060K, committed 68480K, reserved 1114112K
  class space    used 7419K, committed 8064K, reserved 1048576K
GC Heap History (20 events):
Event: 36.195 GC heap before
{Heap before GC invocations=80 (full 3):
 PSYoungGen      total 5632K, used 5584K [0x00000000eab00000, 0x00000000eb600000, 0x0000000100000000)
  eden space 5120K, 100% used [0x00000000eab00000,0x00000000eb000000,0x00000000eb000000)
  from space 512K, 90% used [0x00000000eb580000,0x00000000eb5f4010,0x00000000eb600000)
  to   space 512K, 0% used [0x00000000eb500000,0x00000000eb500000,0x00000000eb580000)
 ParOldGen       total 84992K, used 84666K [0x00000000c0000000, 0x00000000c5300000, 0x00000000eab00000)
  object space 84992K, 99% used [0x00000000c0000000,0x00000000c52ae988,0x00000000c5300000)
 Metaspace       used 63611K, committed 65024K, reserved 1114112K
  class space    used 6877K, committed 7488K, reserved 1048576K
}
Event: 36.196 GC heap after
{Heap after GC invocations=80 (full 3):
 PSYoungGen      total 5632K, used 337K [0x00000000eab00000, 0x00000000eb600000, 0x0000000100000000)
  eden space 5120K, 0% used [0x00000000eab00000,0x00000000eab00000,0x00000000eb000000)
  from space 512K, 66% used [0x00000000eb500000,0x00000000eb5547d0,0x00000000eb580000)
  to   space 512K, 0% used [0x00000000eb580000,0x00000000eb580000,0x00000000eb600000)
 ParOldGen       total 85504K, used 85048K [0x00000000c0000000, 0x00000000c5380000, 0x00000000eab00000)
  object space 85504K, 99% used [0x00000000c0000000,0x00000000c530e060,0x00000000c5380000)
 Metaspace       used 63611K, committed 65024K, reserved 1114112K
  class space    used 6877K, committed 7488K, reserved 1048576K
}
Event: 36.282 GC heap before
{Heap before GC invocations=81 (full 3):
 PSYoungGen      total 5632K, used 5457K [0x00000000eab00000, 0x00000000eb600000, 0x0000000100000000)
  eden space 5120K, 100% used [0x00000000eab00000,0x00000000eb000000,0x00000000eb000000)
  from space 512K, 66% used [0x00000000eb500000,0x00000000eb5547d0,0x00000000eb580000)
  to   space 512K, 0% used [0x00000000eb580000,0x00000000eb580000,0x00000000eb600000)
 ParOldGen       total 85504K, used 85048K [0x00000000c0000000, 0x00000000c5380000, 0x00000000eab00000)
  object space 85504K, 99% used [0x00000000c0000000,0x00000000c530e060,0x00000000c5380000)
 Metaspace       used 64221K, committed 65600K, reserved 1114112K
  class space    used 6972K, committed 7552K, reserved 1048576K
}
Event: 36.283 GC heap after
{Heap after GC invocations=81 (full 3):
 PSYoungGen      total 5632K, used 224K [0x00000000eab00000, 0x00000000eb600000, 0x0000000100000000)
  eden space 5120K, 0% used [0x00000000eab00000,0x00000000eab00000,0x00000000eb000000)
  from space 512K, 43% used [0x00000000eb580000,0x00000000eb5b8000,0x00000000eb600000)
  to   space 512K, 0% used [0x00000000eb500000,0x00000000eb500000,0x00000000eb580000)
 ParOldGen       total 85504K, used 85302K [0x00000000c0000000, 0x00000000c5380000, 0x00000000eab00000)
  object space 85504K, 99% used [0x00000000c0000000,0x00000000c534db88,0x00000000c5380000)
 Metaspace       used 64221K, committed 65600K, reserved 1114112K
  class space    used 6972K, committed 7552K, reserved 1048576K
}
Event: 36.341 GC heap before
{Heap before GC invocations=82 (full 3):
 PSYoungGen      total 5632K, used 5344K [0x00000000eab00000, 0x00000000eb600000, 0x0000000100000000)
  eden space 5120K, 100% used [0x00000000eab00000,0x00000000eb000000,0x00000000eb000000)
  from space 512K, 43% used [0x00000000eb580000,0x00000000eb5b8000,0x00000000eb600000)
  to   space 512K, 0% used [0x00000000eb500000,0x00000000eb500000,0x00000000eb580000)
 ParOldGen       total 85504K, used 85302K [0x00000000c0000000, 0x00000000c5380000, 0x00000000eab00000)
  object space 85504K, 99% used [0x00000000c0000000,0x00000000c534db88,0x00000000c5380000)
 Metaspace       used 64752K, committed 66176K, reserved 1114112K
  class space    used 7051K, committed 7680K, reserved 1048576K
}
Event: 36.343 GC heap after
{Heap after GC invocations=82 (full 3):
 PSYoungGen      total 5632K, used 509K [0x00000000eab00000, 0x00000000eb600000, 0x0000000100000000)
  eden space 5120K, 0% used [0x00000000eab00000,0x00000000eab00000,0x00000000eb000000)
  from space 512K, 99% used [0x00000000eb500000,0x00000000eb57f7b0,0x00000000eb580000)
  to   space 512K, 0% used [0x00000000eb580000,0x00000000eb580000,0x00000000eb600000)
 ParOldGen       total 85504K, used 85467K [0x00000000c0000000, 0x00000000c5380000, 0x00000000eab00000)
  object space 85504K, 99% used [0x00000000c0000000,0x00000000c5376de0,0x00000000c5380000)
 Metaspace       used 64752K, committed 66176K, reserved 1114112K
  class space    used 7051K, committed 7680K, reserved 1048576K
}
Event: 36.402 GC heap before
{Heap before GC invocations=83 (full 3):
 PSYoungGen      total 5632K, used 5629K [0x00000000eab00000, 0x00000000eb600000, 0x0000000100000000)
  eden space 5120K, 100% used [0x00000000eab00000,0x00000000eb000000,0x00000000eb000000)
  from space 512K, 99% used [0x00000000eb500000,0x00000000eb57f7b0,0x00000000eb580000)
  to   space 512K, 0% used [0x00000000eb580000,0x00000000eb580000,0x00000000eb600000)
 ParOldGen       total 85504K, used 85467K [0x00000000c0000000, 0x00000000c5380000, 0x00000000eab00000)
  object space 85504K, 99% used [0x00000000c0000000,0x00000000c5376de0,0x00000000c5380000)
 Metaspace       used 65121K, committed 66560K, reserved 1114112K
  class space    used 7113K, committed 7744K, reserved 1048576K
}
Event: 36.404 GC heap after
{Heap after GC invocations=83 (full 3):
 PSYoungGen      total 5632K, used 497K [0x00000000eab00000, 0x00000000eb600000, 0x0000000100000000)
  eden space 5120K, 0% used [0x00000000eab00000,0x00000000eab00000,0x00000000eb000000)
  from space 512K, 97% used [0x00000000eb580000,0x00000000eb5fc728,0x00000000eb600000)
  to   space 512K, 0% used [0x00000000eb500000,0x00000000eb500000,0x00000000eb580000)
 ParOldGen       total 86016K, used 85877K [0x00000000c0000000, 0x00000000c5400000, 0x00000000eab00000)
  object space 86016K, 99% used [0x00000000c0000000,0x00000000c53dd518,0x00000000c5400000)
 Metaspace       used 65121K, committed 66560K, reserved 1114112K
  class space    used 7113K, committed 7744K, reserved 1048576K
}
Event: 36.454 GC heap before
{Heap before GC invocations=84 (full 3):
 PSYoungGen      total 5632K, used 5617K [0x00000000eab00000, 0x00000000eb600000, 0x0000000100000000)
  eden space 5120K, 100% used [0x00000000eab00000,0x00000000eb000000,0x00000000eb000000)
  from space 512K, 97% used [0x00000000eb580000,0x00000000eb5fc728,0x00000000eb600000)
  to   space 512K, 0% used [0x00000000eb500000,0x00000000eb500000,0x00000000eb580000)
 ParOldGen       total 86016K, used 85877K [0x00000000c0000000, 0x00000000c5400000, 0x00000000eab00000)
  object space 86016K, 99% used [0x00000000c0000000,0x00000000c53dd518,0x00000000c5400000)
 Metaspace       used 65433K, committed 66880K, reserved 1114112K
  class space    used 7174K, committed 7808K, reserved 1048576K
}
Event: 36.454 GC heap after
{Heap after GC invocations=84 (full 3):
 PSYoungGen      total 5632K, used 498K [0x00000000eab00000, 0x00000000eb600000, 0x0000000100000000)
  eden space 5120K, 0% used [0x00000000eab00000,0x00000000eab00000,0x00000000eb000000)
  from space 512K, 97% used [0x00000000eb500000,0x00000000eb57c8f8,0x00000000eb580000)
  to   space 512K, 0% used [0x00000000eb580000,0x00000000eb580000,0x00000000eb600000)
 ParOldGen       total 86528K, used 86306K [0x00000000c0000000, 0x00000000c5480000, 0x00000000eab00000)
  object space 86528K, 99% used [0x00000000c0000000,0x00000000c5448938,0x00000000c5480000)
 Metaspace       used 65433K, committed 66880K, reserved 1114112K
  class space    used 7174K, committed 7808K, reserved 1048576K
}
Event: 36.522 GC heap before
{Heap before GC invocations=85 (full 3):
 PSYoungGen      total 5632K, used 5618K [0x00000000eab00000, 0x00000000eb600000, 0x0000000100000000)
  eden space 5120K, 100% used [0x00000000eab00000,0x00000000eb000000,0x00000000eb000000)
  from space 512K, 97% used [0x00000000eb500000,0x00000000eb57c8f8,0x00000000eb580000)
  to   space 512K, 0% used [0x00000000eb580000,0x00000000eb580000,0x00000000eb600000)
 ParOldGen       total 86528K, used 86306K [0x00000000c0000000, 0x00000000c5480000, 0x00000000eab00000)
  object space 86528K, 99% used [0x00000000c0000000,0x00000000c5448938,0x00000000c5480000)
 Metaspace       used 65934K, committed 67392K, reserved 1114112K
  class space    used 7257K, committed 7936K, reserved 1048576K
}
Event: 36.523 GC heap after
{Heap after GC invocations=85 (full 3):
 PSYoungGen      total 5632K, used 256K [0x00000000eab00000, 0x00000000eb600000, 0x0000000100000000)
  eden space 5120K, 0% used [0x00000000eab00000,0x00000000eab00000,0x00000000eb000000)
  from space 512K, 50% used [0x00000000eb580000,0x00000000eb5c0000,0x00000000eb600000)
  to   space 512K, 0% used [0x00000000eb500000,0x00000000eb500000,0x00000000eb580000)
 ParOldGen       total 87040K, used 86787K [0x00000000c0000000, 0x00000000c5500000, 0x00000000eab00000)
  object space 87040K, 99% used [0x00000000c0000000,0x00000000c54c0ce8,0x00000000c5500000)
 Metaspace       used 65934K, committed 67392K, reserved 1114112K
  class space    used 7257K, committed 7936K, reserved 1048576K
}
Event: 36.579 GC heap before
{Heap before GC invocations=86 (full 3):
 PSYoungGen      total 5632K, used 5376K [0x00000000eab00000, 0x00000000eb600000, 0x0000000100000000)
  eden space 5120K, 100% used [0x00000000eab00000,0x00000000eb000000,0x00000000eb000000)
  from space 512K, 50% used [0x00000000eb580000,0x00000000eb5c0000,0x00000000eb600000)
  to   space 512K, 0% used [0x00000000eb500000,0x00000000eb500000,0x00000000eb580000)
 ParOldGen       total 87040K, used 86787K [0x00000000c0000000, 0x00000000c5500000, 0x00000000eab00000)
  object space 87040K, 99% used [0x00000000c0000000,0x00000000c54c0ce8,0x00000000c5500000)
 Metaspace       used 66377K, committed 67840K, reserved 1114112K
  class space    used 7342K, committed 8000K, reserved 1048576K
}
Event: 36.581 GC heap after
{Heap after GC invocations=86 (full 3):
 PSYoungGen      total 5632K, used 416K [0x00000000eab00000, 0x00000000eb600000, 0x0000000100000000)
  eden space 5120K, 0% used [0x00000000eab00000,0x00000000eab00000,0x00000000eb000000)
  from space 512K, 81% used [0x00000000eb500000,0x00000000eb568000,0x00000000eb580000)
  to   space 512K, 0% used [0x00000000eb580000,0x00000000eb580000,0x00000000eb600000)
 ParOldGen       total 87040K, used 86958K [0x00000000c0000000, 0x00000000c5500000, 0x00000000eab00000)
  object space 87040K, 99% used [0x00000000c0000000,0x00000000c54ebb80,0x00000000c5500000)
 Metaspace       used 66377K, committed 67840K, reserved 1114112K
  class space    used 7342K, committed 8000K, reserved 1048576K
}
Event: 36.674 GC heap before
{Heap before GC invocations=87 (full 3):
 PSYoungGen      total 5632K, used 5535K [0x00000000eab00000, 0x00000000eb600000, 0x0000000100000000)
  eden space 5120K, 99% used [0x00000000eab00000,0x00000000eafffff0,0x00000000eb000000)
  from space 512K, 81% used [0x00000000eb500000,0x00000000eb568000,0x00000000eb580000)
  to   space 512K, 0% used [0x00000000eb580000,0x00000000eb580000,0x00000000eb600000)
 ParOldGen       total 87040K, used 86958K [0x00000000c0000000, 0x00000000c5500000, 0x00000000eab00000)
  object space 87040K, 99% used [0x00000000c0000000,0x00000000c54ebb80,0x00000000c5500000)
 Metaspace       used 66789K, committed 68224K, reserved 1114112K
  class space    used 7394K, committed 8064K, reserved 1048576K
}
Event: 36.676 GC heap after
{Heap after GC invocations=87 (full 3):
 PSYoungGen      total 5632K, used 512K [0x00000000eab00000, 0x00000000eb600000, 0x0000000100000000)
  eden space 5120K, 0% used [0x00000000eab00000,0x00000000eab00000,0x00000000eb000000)
  from space 512K, 100% used [0x00000000eb580000,0x00000000eb600000,0x00000000eb600000)
  to   space 1536K, 0% used [0x00000000eb300000,0x00000000eb300000,0x00000000eb480000)
 ParOldGen       total 87552K, used 87384K [0x00000000c0000000, 0x00000000c5580000, 0x00000000eab00000)
  object space 87552K, 99% used [0x00000000c0000000,0x00000000c5556080,0x00000000c5580000)
 Metaspace       used 66789K, committed 68224K, reserved 1114112K
  class space    used 7394K, committed 8064K, reserved 1048576K
}
Event: 36.762 GC heap before
{Heap before GC invocations=88 (full 3):
 PSYoungGen      total 5632K, used 5632K [0x00000000eab00000, 0x00000000eb600000, 0x0000000100000000)
  eden space 5120K, 100% used [0x00000000eab00000,0x00000000eb000000,0x00000000eb000000)
  from space 512K, 100% used [0x00000000eb580000,0x00000000eb600000,0x00000000eb600000)
  to   space 1536K, 0% used [0x00000000eb300000,0x00000000eb300000,0x00000000eb480000)
 ParOldGen       total 87552K, used 87384K [0x00000000c0000000, 0x00000000c5580000, 0x00000000eab00000)
  object space 87552K, 99% used [0x00000000c0000000,0x00000000c5556080,0x00000000c5580000)
 Metaspace       used 67060K, committed 68480K, reserved 1114112K
  class space    used 7419K, committed 8064K, reserved 1048576K
}
Event: 36.763 GC heap after
{Heap after GC invocations=88 (full 3):
 PSYoungGen      total 6656K, used 896K [0x00000000eab00000, 0x00000000eb600000, 0x0000000100000000)
  eden space 5120K, 0% used [0x00000000eab00000,0x00000000eab00000,0x00000000eb000000)
  from space 1536K, 58% used [0x00000000eb300000,0x00000000eb3e0000,0x00000000eb480000)
  to   space 1024K, 0% used [0x00000000eb500000,0x00000000eb500000,0x00000000eb600000)
 ParOldGen       total 88064K, used 87816K [0x00000000c0000000, 0x00000000c5600000, 0x00000000eab00000)
  object space 88064K, 99% used [0x00000000c0000000,0x00000000c55c23d0,0x00000000c5600000)
 Metaspace       used 67060K, committed 68480K, reserved 1114112K
  class space    used 7419K, committed 8064K, reserved 1048576K
}
Event: 36.928 GC heap before
{Heap before GC invocations=89 (full 3):
 PSYoungGen      total 6656K, used 6016K [0x00000000eab00000, 0x00000000eb600000, 0x0000000100000000)
  eden space 5120K, 100% used [0x00000000eab00000,0x00000000eb000000,0x00000000eb000000)
  from space 1536K, 58% used [0x00000000eb300000,0x00000000eb3e0000,0x00000000eb480000)
  to   space 1024K, 0% used [0x00000000eb500000,0x00000000eb500000,0x00000000eb600000)
 ParOldGen       total 88064K, used 87816K [0x00000000c0000000, 0x00000000c5600000, 0x00000000eab00000)
  object space 88064K, 99% used [0x00000000c0000000,0x00000000c55c23d0,0x00000000c5600000)
 Metaspace       used 67060K, committed 68480K, reserved 1114112K
  class space    used 7419K, committed 8064K, reserved 1048576K
}
Event: 36.932 GC heap after
{Heap after GC invocations=89 (full 3):
 PSYoungGen      total 6144K, used 1010K [0x00000000eab00000, 0x00000000eb600000, 0x0000000100000000)
  eden space 5120K, 0% used [0x00000000eab00000,0x00000000eab00000,0x00000000eb000000)
  from space 1024K, 98% used [0x00000000eb500000,0x00000000eb5fc9c8,0x00000000eb600000)
  to   space 3072K, 0% used [0x00000000eb000000,0x00000000eb000000,0x00000000eb300000)
 ParOldGen       total 89600K, used 89162K [0x00000000c0000000, 0x00000000c5780000, 0x00000000eab00000)
  object space 89600K, 99% used [0x00000000c0000000,0x00000000c5712978,0x00000000c5780000)
 Metaspace       used 67060K, committed 68480K, reserved 1114112K
  class space    used 7419K, committed 8064K, reserved 1048576K
}

