# JRE version: OpenJDK Runtime Environment Microsoft-10376486 (17.0.13+11) (build 17.0.13+11-LTS)
# Java VM: OpenJDK 64-Bit Server VM Microsoft-10376486 (17.0.13+11-LTS, mixed mode, sharing, tiered, compressed oops, compressed class ptrs, g1 gc, windows-amd64)
GC Precious Log:
 CPUs: 4 total, 4 available
 Memory: 7834M
 Large Page Support: Disabled
 NUMA Support: Disabled
 Compressed Oops: Enabled (32-bit)
 Heap Region Size: 1M
 Heap Min Capacity: 8M
 Heap Initial Capacity: 124M
 Heap Max Capacity: 2G
 Pre-touch: Disabled
 Parallel Workers: 4
 Concurrent Workers: 1
 Concurrent Refinement Workers: 4
 Periodic GC: Disabled
Heap:
 garbage-first heap   total 485376K, used 294700K [0x0000000080000000, 0x0000000100000000)
  region size 1024K, 53 young (54272K), 3 survivors (3072K)
 Metaspace       used 112552K, committed 113984K, reserved 557056K
  class space    used 15612K, committed 16256K, reserved 425984K
GC Heap History (20 events):
Event: 65.656 GC heap before
{Heap before GC invocations=89 (full 0):
 garbage-first heap   total 306176K, used 265200K [0x0000000080000000, 0x0000000100000000)
  region size 1024K, 48 young (49152K), 4 survivors (4096K)
 Metaspace       used 102281K, committed 103552K, reserved 557056K
  class space    used 14266K, committed 14848K, reserved 425984K
}
Event: 65.669 GC heap after
{Heap after GC invocations=90 (full 0):
 garbage-first heap   total 306176K, used 226773K [0x0000000080000000, 0x0000000100000000)
  region size 1024K, 6 young (6144K), 6 survivors (6144K)
 Metaspace       used 102281K, committed 103552K, reserved 557056K
  class space    used 14266K, committed 14848K, reserved 425984K
}
Event: 66.272 GC heap before
{Heap before GC invocations=90 (full 0):
 garbage-first heap   total 306176K, used 258517K [0x0000000080000000, 0x0000000100000000)
  region size 1024K, 37 young (37888K), 6 survivors (6144K)
 Metaspace       used 103875K, committed 105152K, reserved 557056K
  class space    used 14449K, committed 15040K, reserved 425984K
}
Event: 66.287 GC heap after
{Heap after GC invocations=91 (full 0):
 garbage-first heap   total 367616K, used 231427K [0x0000000080000000, 0x0000000100000000)
  region size 1024K, 5 young (5120K), 5 survivors (5120K)
 Metaspace       used 103875K, committed 105152K, reserved 557056K
  class space    used 14449K, committed 15040K, reserved 425984K
}
Event: 67.429 GC heap before
{Heap before GC invocations=91 (full 0):
 garbage-first heap   total 367616K, used 306179K [0x0000000080000000, 0x0000000100000000)
  region size 1024K, 79 young (80896K), 5 survivors (5120K)
 Metaspace       used 103936K, committed 105216K, reserved 557056K
  class space    used 14458K, committed 15040K, reserved 425984K
}
Event: 67.439 GC heap after
{Heap after GC invocations=92 (full 0):
 garbage-first heap   total 367616K, used 235499K [0x0000000080000000, 0x0000000100000000)
  region size 1024K, 9 young (9216K), 9 survivors (9216K)
 Metaspace       used 103936K, committed 105216K, reserved 557056K
  class space    used 14458K, committed 15040K, reserved 425984K
}
Event: 68.066 GC heap before
{Heap before GC invocations=92 (full 0):
 garbage-first heap   total 367616K, used 310251K [0x0000000080000000, 0x0000000100000000)
  region size 1024K, 81 young (82944K), 9 survivors (9216K)
 Metaspace       used 104175K, committed 105536K, reserved 557056K
  class space    used 14480K, committed 15104K, reserved 425984K
}
Event: 68.080 GC heap after
{Heap after GC invocations=93 (full 0):
 garbage-first heap   total 367616K, used 243657K [0x0000000080000000, 0x0000000100000000)
  region size 1024K, 11 young (11264K), 11 survivors (11264K)
 Metaspace       used 104175K, committed 105536K, reserved 557056K
  class space    used 14480K, committed 15104K, reserved 425984K
}
Event: 68.968 GC heap before
{Heap before GC invocations=93 (full 0):
 garbage-first heap   total 367616K, used 277449K [0x0000000080000000, 0x0000000100000000)
  region size 1024K, 45 young (46080K), 11 survivors (11264K)
 Metaspace       used 106245K, committed 107520K, reserved 557056K
  class space    used 14776K, committed 15360K, reserved 425984K
}
Event: 68.982 GC heap after
{Heap after GC invocations=94 (full 0):
 garbage-first heap   total 367616K, used 246597K [0x0000000080000000, 0x0000000100000000)
  region size 1024K, 3 young (3072K), 3 survivors (3072K)
 Metaspace       used 106245K, committed 107520K, reserved 557056K
  class space    used 14776K, committed 15360K, reserved 425984K
}
Event: 71.349 GC heap before
{Heap before GC invocations=95 (full 0):
 garbage-first heap   total 435200K, used 303941K [0x0000000080000000, 0x0000000100000000)
  region size 1024K, 60 young (61440K), 3 survivors (3072K)
 Metaspace       used 109672K, committed 111040K, reserved 557056K
  class space    used 15257K, committed 15872K, reserved 425984K
}
Event: 71.364 GC heap after
{Heap after GC invocations=96 (full 0):
 garbage-first heap   total 435200K, used 248997K [0x0000000080000000, 0x0000000100000000)
  region size 1024K, 7 young (7168K), 7 survivors (7168K)
 Metaspace       used 109672K, committed 111040K, reserved 557056K
  class space    used 15257K, committed 15872K, reserved 425984K
}
Event: 71.842 GC heap before
{Heap before GC invocations=96 (full 0):
 garbage-first heap   total 435200K, used 263333K [0x0000000080000000, 0x0000000100000000)
  region size 1024K, 21 young (21504K), 7 survivors (7168K)
 Metaspace       used 110231K, committed 111552K, reserved 557056K
  class space    used 15333K, committed 15936K, reserved 425984K
}
Event: 71.868 GC heap after
{Heap after GC invocations=97 (full 0):
 garbage-first heap   total 435200K, used 229362K [0x0000000080000000, 0x0000000100000000)
  region size 1024K, 3 young (3072K), 3 survivors (3072K)
 Metaspace       used 110231K, committed 111552K, reserved 557056K
  class space    used 15333K, committed 15936K, reserved 425984K
}
Event: 75.357 GC heap before
{Heap before GC invocations=97 (full 0):
 garbage-first heap   total 435200K, used 355314K [0x0000000080000000, 0x0000000100000000)
  region size 1024K, 126 young (129024K), 3 survivors (3072K)
 Metaspace       used 112547K, committed 113984K, reserved 557056K
  class space    used 15612K, committed 16256K, reserved 425984K
}
Event: 75.380 GC heap after
{Heap after GC invocations=98 (full 0):
 garbage-first heap   total 435200K, used 248108K [0x0000000080000000, 0x0000000100000000)
  region size 1024K, 16 young (16384K), 16 survivors (16384K)
 Metaspace       used 112547K, committed 113984K, reserved 557056K
  class space    used 15612K, committed 16256K, reserved 425984K
}
Event: 76.183 GC heap before
{Heap before GC invocations=99 (full 0):
 garbage-first heap   total 485376K, used 344364K [0x0000000080000000, 0x0000000100000000)
  region size 1024K, 112 young (114688K), 16 survivors (16384K)
 Metaspace       used 112552K, committed 113984K, reserved 557056K
  class space    used 15612K, committed 16256K, reserved 425984K
}
Event: 76.206 GC heap after
{Heap after GC invocations=100 (full 0):
 garbage-first heap   total 485376K, used 249434K [0x0000000080000000, 0x0000000100000000)
  region size 1024K, 6 young (6144K), 6 survivors (6144K)
 Metaspace       used 112552K, committed 113984K, reserved 557056K
  class space    used 15612K, committed 16256K, reserved 425984K
}
Event: 76.313 GC heap before
{Heap before GC invocations=100 (full 0):
 garbage-first heap   total 485376K, used 265818K [0x0000000080000000, 0x0000000100000000)
  region size 1024K, 23 young (23552K), 6 survivors (6144K)
 Metaspace       used 112552K, committed 113984K, reserved 557056K
  class space    used 15612K, committed 16256K, reserved 425984K
}
Event: 76.325 GC heap after
{Heap after GC invocations=101 (full 0):
 garbage-first heap   total 485376K, used 244524K [0x0000000080000000, 0x0000000100000000)
  region size 1024K, 3 young (3072K), 3 survivors (3072K)
 Metaspace       used 112552K, committed 113984K, reserved 557056K
  class space    used 15612K, committed 16256K, reserved 425984K
}

